C:\USERS\REGINALD\DROPBOX\COMPUTER GRAPHICS 4304\EXAM2\EXAM2\DEBUG\SOURCE.OBJ
C:\USERS\REGINALD\DROPBOX\COMPUTER GRAPHICS 4304\EXAM2\EXAM2\DEBUG\VC110.PDB
C:\USERS\REGINALD\DROPBOX\COMPUTER GRAPHICS 4304\EXAM2\DEBUG\EXAM2.ILK
C:\USERS\REGINALD\DROPBOX\COMPUTER GRAPHICS 4304\EXAM2\DEBUG\EXAM2.EXE
C:\USERS\REGINALD\DROPBOX\COMPUTER GRAPHICS 4304\EXAM2\DEBUG\EXAM2.PDB
C:\Users\Reginald\Dropbox\Computer Graphics 4304\Exam2\Exam2\Debug\Source.obj
C:\Users\Reginald\Dropbox\Computer Graphics 4304\Exam2\Exam2\Debug\cl.command.1.tlog
C:\Users\Reginald\Dropbox\Computer Graphics 4304\Exam2\Exam2\Debug\CL.read.1.tlog
C:\Users\Reginald\Dropbox\Computer Graphics 4304\Exam2\Exam2\Debug\CL.write.1.tlog
C:\Users\Reginald\Dropbox\Computer Graphics 4304\Exam2\Exam2\Debug\link-cvtres.read.1.tlog
C:\Users\Reginald\Dropbox\Computer Graphics 4304\Exam2\Exam2\Debug\link-cvtres.write.1.tlog
C:\Users\Reginald\Dropbox\Computer Graphics 4304\Exam2\Exam2\Debug\link-rc.read.1.tlog
C:\Users\Reginald\Dropbox\Computer Graphics 4304\Exam2\Exam2\Debug\link-rc.write.1.tlog
C:\Users\Reginald\Dropbox\Computer Graphics 4304\Exam2\Exam2\Debug\link.1396-cvtres.read.1.tlog
C:\Users\Reginald\Dropbox\Computer Graphics 4304\Exam2\Exam2\Debug\link.1396-cvtres.write.1.tlog
C:\Users\Reginald\Dropbox\Computer Graphics 4304\Exam2\Exam2\Debug\link.1396-rc.read.1.tlog
C:\Users\Reginald\Dropbox\Computer Graphics 4304\Exam2\Exam2\Debug\link.1396-rc.write.1.tlog
C:\Users\Reginald\Dropbox\Computer Graphics 4304\Exam2\Exam2\Debug\link.1396.read.1.tlog
C:\Users\Reginald\Dropbox\Computer Graphics 4304\Exam2\Exam2\Debug\link.1396.write.1.tlog
C:\Users\Reginald\Dropbox\Computer Graphics 4304\Exam2\Exam2\Debug\link.5948-cvtres.read.1.tlog
C:\Users\Reginald\Dropbox\Computer Graphics 4304\Exam2\Exam2\Debug\link.5948-cvtres.write.1.tlog
C:\Users\Reginald\Dropbox\Computer Graphics 4304\Exam2\Exam2\Debug\link.5948-rc.read.1.tlog
C:\Users\Reginald\Dropbox\Computer Graphics 4304\Exam2\Exam2\Debug\link.5948-rc.write.1.tlog
C:\Users\Reginald\Dropbox\Computer Graphics 4304\Exam2\Exam2\Debug\link.5948.read.1.tlog
C:\Users\Reginald\Dropbox\Computer Graphics 4304\Exam2\Exam2\Debug\link.5948.write.1.tlog
C:\Users\Reginald\Dropbox\Computer Graphics 4304\Exam2\Exam2\Debug\link.9140-cvtres.read.1.tlog
C:\Users\Reginald\Dropbox\Computer Graphics 4304\Exam2\Exam2\Debug\link.9140-cvtres.write.1.tlog
C:\Users\Reginald\Dropbox\Computer Graphics 4304\Exam2\Exam2\Debug\link.9140-rc.read.1.tlog
C:\Users\Reginald\Dropbox\Computer Graphics 4304\Exam2\Exam2\Debug\link.9140-rc.write.1.tlog
C:\Users\Reginald\Dropbox\Computer Graphics 4304\Exam2\Exam2\Debug\link.9140.read.1.tlog
C:\Users\Reginald\Dropbox\Computer Graphics 4304\Exam2\Exam2\Debug\link.9140.write.1.tlog
C:\Users\Reginald\Dropbox\Computer Graphics 4304\Exam2\Exam2\Debug\link.9996-cvtres.read.1.tlog
C:\Users\Reginald\Dropbox\Computer Graphics 4304\Exam2\Exam2\Debug\link.9996-cvtres.write.1.tlog
C:\Users\Reginald\Dropbox\Computer Graphics 4304\Exam2\Exam2\Debug\link.9996-rc.read.1.tlog
C:\Users\Reginald\Dropbox\Computer Graphics 4304\Exam2\Exam2\Debug\link.9996-rc.write.1.tlog
C:\Users\Reginald\Dropbox\Computer Graphics 4304\Exam2\Exam2\Debug\link.9996.read.1.tlog
C:\Users\Reginald\Dropbox\Computer Graphics 4304\Exam2\Exam2\Debug\link.9996.write.1.tlog
C:\Users\Reginald\Dropbox\Computer Graphics 4304\Exam2\Exam2\Debug\link.command.1.tlog
C:\Users\Reginald\Dropbox\Computer Graphics 4304\Exam2\Exam2\Debug\link.read.1.tlog
C:\Users\Reginald\Dropbox\Computer Graphics 4304\Exam2\Exam2\Debug\link.write.1.tlog
C:\Users\Reginald\Dropbox\Computer Graphics 4304\Exam2\Exam2\Debug\vc110.idb
C:\Users\Reginald\Dropbox\Computer Graphics 4304\Exam2\Exam2\Debug\vc110.pdb
C:\Users\Reginald\Dropbox\Computer Graphics 4304\Exam2\Debug\Exam2.pdb
C:\Users\Reginald\Dropbox\Computer Graphics 4304\Exam2\Debug\Exam2.exe
C:\Users\Reginald\Dropbox\Computer Graphics 4304\Exam2\Debug\Exam2.ilk
